<!DOCTYPE html PUBLIC "-//W3C//DTD XHTML 1.1//EN" "http://www.w3.org/TR/xhtml11/DTD/xhtml11.dtd">
<html xmlns="http://www.w3.org/1999/xhtml">
<head>
<meta http-equiv="content-type" content="text/html; charset=UTF-8"/>
<title>TestNG Report</title>
<style type="text/css">table {margin-bottom:10px;border-collapse:collapse;empty-cells:show}th,td {border:1px solid #009;padding:.25em .5em}th {vertical-align:bottom}td {vertical-align:top}table a {font-weight:bold}.stripe td {background-color: #E6EBF9}.num {text-align:right}.passedodd td {background-color: #3F3}.passedeven td {background-color: #0A0}.skippedodd td {background-color: #DDD}.skippedeven td {background-color: #CCC}.failedodd td,.attn {background-color: #F33}.failedeven td,.stripe .attn {background-color: #D00}.stacktrace {white-space:pre;font-family:monospace}.totop {font-size:85%;text-align:center;border-bottom:2px solid #000}.invisible {display:none}</style>
</head>
<body>
<table>
<tr><th>Test</th><th># Passed</th><th># Skipped</th><th># Failed</th><th>Time (ms)</th><th>Included Groups</th><th>Excluded Groups</th></tr>
<tr><th colspan="7">Suite</th></tr>
<tr><td><a href="#t0">Ordering a Product</a></td><td class="num">1</td><td class="num">0</td><td class="num">0</td><td class="num">143,013</td><td></td><td></td></tr>
<tr class="stripe"><td><a href="#t1">Adding a Default Address</a></td><td class="num">0</td><td class="num">0</td><td class="num attn">1</td><td class="num">97,838</td><td></td><td></td></tr>
<tr><td><a href="#t2">Validating Items Count</a></td><td class="num">0</td><td class="num">0</td><td class="num attn">1</td><td class="num">123,768</td><td></td><td></td></tr>
<tr class="stripe"><td><a href="#t3">Update Email</a></td><td class="num">0</td><td class="num">0</td><td class="num attn">1</td><td class="num">112,776</td><td></td><td></td></tr>
<tr><th>Total</th><th class="num">1</th><th class="num">0</th><th class="num attn">3</th><th class="num">477,395</th><th colspan="2"></th></tr>
</table>
<table id='summary'><thead><tr><th>Class</th><th>Method</th><th>Start</th><th>Time (ms)</th></tr></thead><tbody><tr><th colspan="4">Suite</th></tr></tbody><tbody id="t0"><tr><th colspan="4">Ordering a Product &#8212; passed</th></tr><tr class="passedeven"><td rowspan="1">com.myntra.testrunner.OrderingProduct</td><td><a href="#m0">feature</a></td><td rowspan="1">1589290461298</td><td rowspan="1">77535</td></tr></tbody>
<tbody id="t1"><tr><th colspan="4">Adding a Default Address &#8212; failed</th></tr><tr class="failedeven"><td rowspan="1">com.myntra.testrunner.DefaultAddress</td><td><a href="#m1">feature</a></td><td rowspan="1">1589290596705</td><td rowspan="1">40157</td></tr></tbody>
<tbody id="t2"><tr><th colspan="4">Validating Items Count &#8212; failed</th></tr><tr class="failedeven"><td rowspan="1">com.myntra.testrunner.ItemsCount</td><td><a href="#m2">feature</a></td><td rowspan="1">1589290681898</td><td rowspan="1">68678</td></tr></tbody>
<tbody id="t3"><tr><th colspan="4">Update Email &#8212; failed</th></tr><tr class="failedeven"><td rowspan="1">com.myntra.testrunner.UpdateEmail</td><td><a href="#m3">feature</a></td><td rowspan="1">1589290805484</td><td rowspan="1">90312</td></tr></tbody>
</table>
<h2>Ordering a Product</h2><h3 id="m0">com.myntra.testrunner.OrderingProduct#feature</h3><table class="result"><tr class="param"><th>Parameter #1</th></tr><tr class="param stripe"><td>Ordering a product</td></tr></table><p class="totop"><a href="#summary">back to summary</a></p>
<h2>Adding a Default Address</h2><h3 id="m1">com.myntra.testrunner.DefaultAddress#feature</h3><table class="result"><tr class="param"><th>Parameter #1</th></tr><tr class="param stripe"><td>Default Address</td></tr><tr><th>Exception</th></tr><tr><td><div class="stacktrace">cucumber.runtime.CucumberException: java.lang.AssertionError: Make This default address button is not working expected [Shanmuka] but found [Fdgsfdgsg]
	at cucumber.api.testng.TestNGCucumberRunner.runCucumber(TestNGCucumberRunner.java:69)
	at com.myntra.testrunner.DefaultAddress.feature(DefaultAddress.java:47)
	at java.util.concurrent.FutureTask.run(Unknown Source)
	at java.util.concurrent.Executors$RunnableAdapter.call(Unknown Source)
	at java.util.concurrent.FutureTask.run(Unknown Source)
	at java.util.concurrent.ThreadPoolExecutor.runWorker(Unknown Source)
	at java.util.concurrent.ThreadPoolExecutor$Worker.run(Unknown Source)
	at java.lang.Thread.run(Unknown Source)
Caused by: java.lang.AssertionError: Make This default address button is not working expected [Shanmuka] but found [Fdgsfdgsg]
	at com.myntra.stepDefinitions.Steps.the_Other_Address_should_be_made_as_Default_Address(Steps.java:330)
	at ✽.Then the Other Address should be made as Default Address(src/main/java/com/myntra/features/defaultAddress.feature:35)
... Removed 14 stack frames</div></td></tr></table><p class="totop"><a href="#summary">back to summary</a></p>
<h2>Validating Items Count</h2><h3 id="m2">com.myntra.testrunner.ItemsCount#feature</h3><table class="result"><tr class="param"><th>Parameter #1</th></tr><tr class="param stripe"><td>Items Count</td></tr><tr><th>Exception</th></tr><tr><td><div class="stacktrace">cucumber.runtime.CucumberException: java.lang.AssertionError: expected [263] but found [264]
	at cucumber.api.testng.TestNGCucumberRunner.runCucumber(TestNGCucumberRunner.java:69)
	at com.myntra.testrunner.ItemsCount.feature(ItemsCount.java:47)
	at java.util.concurrent.FutureTask.run(Unknown Source)
	at java.util.concurrent.Executors$RunnableAdapter.call(Unknown Source)
	at java.util.concurrent.FutureTask.run(Unknown Source)
	at java.util.concurrent.ThreadPoolExecutor.runWorker(Unknown Source)
	at java.util.concurrent.ThreadPoolExecutor$Worker.run(Unknown Source)
	at java.lang.Thread.run(Unknown Source)
Caused by: java.lang.AssertionError: expected [263] but found [264]
	at com.myntra.stepDefinitions.Steps.count_all_items_of_that_product_and_validate(Steps.java:386)
	at ✽.Then Count all items of that product and validate(src/main/java/com/myntra/features/itemsCount.feature:15)
... Removed 15 stack frames</div></td></tr></table><p class="totop"><a href="#summary">back to summary</a></p>
<h2>Update Email</h2><h3 id="m3">com.myntra.testrunner.UpdateEmail#feature</h3><table class="result"><tr class="param"><th>Parameter #1</th></tr><tr class="param stripe"><td>Update Email Adress</td></tr><tr><th>Exception</th></tr><tr><td><div class="stacktrace">cucumber.runtime.CucumberException: java.lang.AssertionError: Portal displays &quot;Something Went Wrong!&quot; alert
	at cucumber.api.testng.TestNGCucumberRunner.runCucumber(TestNGCucumberRunner.java:69)
	at com.myntra.testrunner.UpdateEmail.feature(UpdateEmail.java:46)
Caused by: java.lang.AssertionError: Portal displays &quot;Something Went Wrong!&quot; alert
	at com.myntra.stepDefinitions.Steps.portal_should_ask_to_check_verification_Email(Steps.java:229)
	at ✽.Then portal should ask to check verification Email(src/main/java/com/myntra/features/updateEmail.feature:23)
... Removed 26 stack frames</div></td></tr></table><p class="totop"><a href="#summary">back to summary</a></p>
</body>
</html>
