<?xml version="1.0" encoding="UTF-8"?>
<!-- Generated by org.testng.reporters.JUnitReportReporter -->
<testsuite skipped="0" hostname="SHANMUK-TEJ" name="com.myntra.testrunner.DefaultAddress" tests="1" failures="0" timestamp="12 May 2020 13:41:36 GMT" time="40.157" errors="1">
  <testcase name="feature" time="40.157" classname="com.myntra.testrunner.DefaultAddress">
    <error type="cucumber.runtime.CucumberException" message="java.lang.AssertionError: Make This default address button is not working expected [Shanmuka] but found [Fdgsfdgsg]">
      <![CDATA[cucumber.runtime.CucumberException: java.lang.AssertionError: Make This default address button is not working expected [Shanmuka] but found [Fdgsfdgsg]
at cucumber.api.testng.TestNGCucumberRunner.runCucumber(TestNGCucumberRunner.java:69)
at com.myntra.testrunner.DefaultAddress.feature(DefaultAddress.java:47)
at sun.reflect.NativeMethodAccessorImpl.invoke0(Native Method)
at sun.reflect.NativeMethodAccessorImpl.invoke(Unknown Source)
at sun.reflect.DelegatingMethodAccessorImpl.invoke(Unknown Source)
at java.lang.reflect.Method.invoke(Unknown Source)
at org.testng.internal.MethodInvocationHelper.invokeMethod(MethodInvocationHelper.java:124)
at org.testng.internal.Invoker.invokeMethod(Invoker.java:583)
at org.testng.internal.Invoker.invokeTestMethod(Invoker.java:719)
at org.testng.internal.TestMethodWithDataProviderMethodWorker.call(TestMethodWithDataProviderMethodWorker.java:71)
at org.testng.internal.TestMethodWithDataProviderMethodWorker.call(TestMethodWithDataProviderMethodWorker.java:14)
at java.util.concurrent.FutureTask.run(Unknown Source)
at java.util.concurrent.Executors$RunnableAdapter.call(Unknown Source)
at java.util.concurrent.FutureTask.run(Unknown Source)
at java.util.concurrent.ThreadPoolExecutor.runWorker(Unknown Source)
at java.util.concurrent.ThreadPoolExecutor$Worker.run(Unknown Source)
at java.lang.Thread.run(Unknown Source)
Caused by: java.lang.AssertionError: Make This default address button is not working expected [Shanmuka] but found [Fdgsfdgsg]
at org.testng.Assert.fail(Assert.java:96)
at org.testng.Assert.failNotEquals(Assert.java:776)
at org.testng.Assert.assertEqualsImpl(Assert.java:137)
at org.testng.Assert.assertEquals(Assert.java:118)
at org.testng.Assert.assertEquals(Assert.java:453)
at com.myntra.stepDefinitions.Steps.the_Other_Address_should_be_made_as_Default_Address(Steps.java:330)
at âœ½.Then the Other Address should be made as Default Address(src/main/java/com/myntra/features/defaultAddress.feature:35)
]]>
    </error>
  </testcase> <!-- feature -->
</testsuite> <!-- com.myntra.testrunner.DefaultAddress -->
